Started GET "/" for ::1 at 2023-07-11 11:25:55 +0200
  [1m[36mActiveRecord::SchemaMigration Pluck (96.5ms)[0m  [1m[34mSELECT "schema_migrations"."version" FROM "schema_migrations" ORDER BY "schema_migrations"."version" ASC[0m
Processing by RootController#index as HTML
  Rendering layout layouts/application.html.erb
  Rendering root/index.html.erb within layouts/application
  Rendered root/index.html.erb within layouts/application (Duration: 3.5ms | Allocations: 556)
  Rendered layout layouts/application.html.erb (Duration: 644.3ms | Allocations: 69207)
Completed 200 OK in 684ms (Views: 654.7ms | ActiveRecord: 0.0ms | Allocations: 79114)


Started GET "/" for ::1 at 2023-07-11 11:26:01 +0200
Processing by RootController#index as HTML
  Rendering layout layouts/application.html.erb
  Rendering root/index.html.erb within layouts/application
  Rendered root/index.html.erb within layouts/application (Duration: 0.1ms | Allocations: 9)
  Rendered layout layouts/application.html.erb (Duration: 8.6ms | Allocations: 1965)
Completed 200 OK in 11ms (Views: 10.4ms | ActiveRecord: 0.0ms | Allocations: 2322)


Started GET "/" for ::1 at 2023-07-11 11:26:02 +0200
Processing by RootController#index as HTML
  Rendering layout layouts/application.html.erb
  Rendering root/index.html.erb within layouts/application
  Rendered root/index.html.erb within layouts/application (Duration: 0.1ms | Allocations: 7)
  Rendered layout layouts/application.html.erb (Duration: 7.3ms | Allocations: 1858)
Completed 200 OK in 10ms (Views: 9.1ms | ActiveRecord: 0.0ms | Allocations: 2154)


Started GET "/" for ::1 at 2023-07-11 11:26:02 +0200
Processing by RootController#index as HTML
  Rendering layout layouts/application.html.erb
  Rendering root/index.html.erb within layouts/application
  Rendered root/index.html.erb within layouts/application (Duration: 0.1ms | Allocations: 7)
  Rendered layout layouts/application.html.erb (Duration: 6.7ms | Allocations: 1856)
Completed 200 OK in 10ms (Views: 9.6ms | ActiveRecord: 0.0ms | Allocations: 2152)


Started GET "/" for ::1 at 2023-07-11 11:26:03 +0200
Processing by RootController#index as HTML
  Rendering layout layouts/application.html.erb
  Rendering root/index.html.erb within layouts/application
  Rendered root/index.html.erb within layouts/application (Duration: 0.1ms | Allocations: 7)
  Rendered layout layouts/application.html.erb (Duration: 6.8ms | Allocations: 1868)
Completed 200 OK in 10ms (Views: 9.0ms | ActiveRecord: 0.0ms | Allocations: 2164)


Started GET "/" for ::1 at 2023-07-11 11:26:03 +0200
Processing by RootController#index as HTML
  Rendering layout layouts/application.html.erb
  Rendering root/index.html.erb within layouts/application
  Rendered root/index.html.erb within layouts/application (Duration: 0.1ms | Allocations: 7)
  Rendered layout layouts/application.html.erb (Duration: 6.4ms | Allocations: 1859)
Completed 200 OK in 12ms (Views: 11.0ms | ActiveRecord: 0.0ms | Allocations: 2151)


Started GET "/" for ::1 at 2023-07-11 11:26:03 +0200
Processing by RootController#index as HTML
  Rendering layout layouts/application.html.erb
  Rendering root/index.html.erb within layouts/application
  Rendered root/index.html.erb within layouts/application (Duration: 0.1ms | Allocations: 7)
  Rendered layout layouts/application.html.erb (Duration: 6.4ms | Allocations: 1849)
Completed 200 OK in 9ms (Views: 7.8ms | ActiveRecord: 0.0ms | Allocations: 2141)


Started GET "/" for ::1 at 2023-07-11 11:26:03 +0200
Processing by RootController#index as HTML
  Rendering layout layouts/application.html.erb
  Rendering root/index.html.erb within layouts/application
  Rendered root/index.html.erb within layouts/application (Duration: 0.1ms | Allocations: 7)
  Rendered layout layouts/application.html.erb (Duration: 10.5ms | Allocations: 1879)
Completed 200 OK in 13ms (Views: 12.1ms | ActiveRecord: 0.0ms | Allocations: 2171)


Started GET "/" for ::1 at 2023-07-11 11:26:04 +0200
Processing by RootController#index as HTML
  Rendering layout layouts/application.html.erb
  Rendering root/index.html.erb within layouts/application
  Rendered root/index.html.erb within layouts/application (Duration: 0.1ms | Allocations: 7)
  Rendered layout layouts/application.html.erb (Duration: 7.1ms | Allocations: 1866)
Completed 200 OK in 9ms (Views: 8.4ms | ActiveRecord: 0.0ms | Allocations: 2159)


Started GET "/" for ::1 at 2023-07-11 11:26:24 +0200
  [1m[36mActiveRecord::SchemaMigration Pluck (0.8ms)[0m  [1m[34mSELECT "schema_migrations"."version" FROM "schema_migrations" ORDER BY "schema_migrations"."version" ASC[0m
Processing by RootController#index as HTML
  Rendering layout layouts/application.html.erb
  Rendering root/index.html.erb within layouts/application
  Rendered root/index.html.erb within layouts/application (Duration: 1.9ms | Allocations: 450)
  Rendered layout layouts/application.html.erb (Duration: 247.8ms | Allocations: 25666)
Completed 200 OK in 265ms (Views: 251.9ms | ActiveRecord: 0.0ms | Allocations: 32725)


Started GET "/" for ::1 at 2023-07-11 11:30:34 +0200
Processing by RootController#index as HTML
  Rendering layout layouts/application.html.erb
  Rendering root/index.html.erb within layouts/application
  Rendered root/index.html.erb within layouts/application (Duration: 0.1ms | Allocations: 9)
  Rendered layout layouts/application.html.erb (Duration: 27.7ms | Allocations: 2076)
Completed 200 OK in 30ms (Views: 29.1ms | ActiveRecord: 0.0ms | Allocations: 2433)


Started GET "/" for ::1 at 2023-07-11 11:30:35 +0200
Processing by RootController#index as HTML
  Rendering layout layouts/application.html.erb
  Rendering root/index.html.erb within layouts/application
  Rendered root/index.html.erb within layouts/application (Duration: 0.1ms | Allocations: 7)
  Rendered layout layouts/application.html.erb (Duration: 7.7ms | Allocations: 1990)
Completed 200 OK in 10ms (Views: 8.9ms | ActiveRecord: 0.0ms | Allocations: 2286)


Started GET "/" for ::1 at 2023-07-11 11:30:36 +0200
Processing by RootController#index as HTML
  Rendering layout layouts/application.html.erb
  Rendering root/index.html.erb within layouts/application
  Rendered root/index.html.erb within layouts/application (Duration: 0.1ms | Allocations: 7)
  Rendered layout layouts/application.html.erb (Duration: 7.2ms | Allocations: 1975)
Completed 200 OK in 9ms (Views: 8.5ms | ActiveRecord: 0.0ms | Allocations: 2267)


Started GET "/" for ::1 at 2023-07-11 11:32:13 +0200
Processing by RootController#index as HTML
  Rendering layout layouts/application.html.erb
  Rendering root/index.html.erb within layouts/application
  Rendered root/index.html.erb within layouts/application (Duration: 0.1ms | Allocations: 7)
  Rendered layout layouts/application.html.erb (Duration: 7.4ms | Allocations: 1973)
Completed 200 OK in 9ms (Views: 8.4ms | ActiveRecord: 0.0ms | Allocations: 2265)


Started GET "/" for ::1 at 2023-07-11 11:32:56 +0200
Processing by RootController#index as HTML
  Rendering layout layouts/application.html.erb
  Rendering root/index.html.erb within layouts/application
  Rendered root/index.html.erb within layouts/application (Duration: 0.1ms | Allocations: 7)
  Rendered layout layouts/application.html.erb (Duration: 7.7ms | Allocations: 1986)
Completed 200 OK in 10ms (Views: 9.1ms | Allocations: 2279)


Started GET "/" for ::1 at 2023-07-11 12:26:15 +0200
  [1m[36mActiveRecord::SchemaMigration Pluck (1.2ms)[0m  [1m[34mSELECT "schema_migrations"."version" FROM "schema_migrations" ORDER BY "schema_migrations"."version" ASC[0m
Processing by RootController#index as HTML
  Rendering layout layouts/application.html.erb
  Rendering root/index.html.erb within layouts/application
  Rendered root/index.html.erb within layouts/application (Duration: 14.0ms | Allocations: 450)
  Rendered layout layouts/application.html.erb (Duration: 752.6ms | Allocations: 23720)
Completed 200 OK in 1119ms (Views: 762.3ms | ActiveRecord: 0.0ms | Allocations: 30798)


Started GET "/greetings" for ::1 at 2023-07-11 12:27:13 +0200
Processing by GreetingsController#index as HTML
  [1m[36mGreeting Load (125.6ms)[0m  [1m[34mSELECT "greetings".* FROM "greetings" ORDER BY RANDOM() LIMIT $1[0m  [["LIMIT", 1]]
  ↳ app/controllers/greetings_controller.rb:3:in `index'
  Rendering layout layouts/application.html.erb
  Rendering greetings/index.html.erb within layouts/application
  Rendered greetings/index.html.erb within layouts/application (Duration: 68.7ms | Allocations: 131)
  Rendered layout layouts/application.html.erb (Duration: 78.5ms | Allocations: 2401)
Completed 200 OK in 293ms (Views: 81.3ms | ActiveRecord: 125.6ms | Allocations: 5567)


Started GET "/greetings.json" for ::1 at 2023-07-11 12:29:23 +0200
Processing by GreetingsController#index as JSON
  [1m[36mGreeting Load (1.0ms)[0m  [1m[34mSELECT "greetings".* FROM "greetings" ORDER BY RANDOM() LIMIT $1[0m  [["LIMIT", 1]]
  ↳ app/controllers/greetings_controller.rb:3:in `index'
Completed 200 OK in 7ms (Views: 0.6ms | ActiveRecord: 1.0ms | Allocations: 841)


  [1m[36mTRANSACTION (0.4ms)[0m  [1m[35mBEGIN[0m
  [1m[36mGreeting Create (51.8ms)[0m  [1m[32mINSERT INTO "greetings" ("sentence", "created_at", "updated_at") VALUES ($1, $2, $3) RETURNING "id"[0m  [["sentence", "hello man"], ["created_at", "2023-07-11 10:34:01.863912"], ["updated_at", "2023-07-11 10:34:01.863912"]]
  [1m[36mTRANSACTION (70.8ms)[0m  [1m[35mCOMMIT[0m
Started GET "/greetings.json" for ::1 at 2023-07-11 12:34:33 +0200
  [1m[36mActiveRecord::SchemaMigration Pluck (1.6ms)[0m  [1m[34mSELECT "schema_migrations"."version" FROM "schema_migrations" ORDER BY "schema_migrations"."version" ASC[0m
Processing by GreetingsController#index as JSON
  [1m[36mGreeting Load (1.7ms)[0m  [1m[34mSELECT "greetings".* FROM "greetings" ORDER BY RANDOM() LIMIT $1[0m  [["LIMIT", 1]]
  ↳ app/controllers/greetings_controller.rb:3:in `index'
Completed 200 OK in 86ms (Views: 1.4ms | ActiveRecord: 12.0ms | Allocations: 20470)


Started GET "/greetings" for ::1 at 2023-07-11 12:34:52 +0200
Processing by GreetingsController#index as HTML
  [1m[36mGreeting Load (0.9ms)[0m  [1m[34mSELECT "greetings".* FROM "greetings" ORDER BY RANDOM() LIMIT $1[0m  [["LIMIT", 1]]
  ↳ app/controllers/greetings_controller.rb:3:in `index'
  Rendering layout layouts/application.html.erb
  Rendering greetings/index.html.erb within layouts/application
  Rendered greetings/index.html.erb within layouts/application (Duration: 2.3ms | Allocations: 444)
  Rendered layout layouts/application.html.erb (Duration: 113.3ms | Allocations: 19884)
Completed 200 OK in 137ms (Views: 121.2ms | ActiveRecord: 0.9ms | Allocations: 24895)


Started GET "/greetings" for ::1 at 2023-07-11 12:34:55 +0200
Processing by GreetingsController#index as HTML
  [1m[36mGreeting Load (0.9ms)[0m  [1m[34mSELECT "greetings".* FROM "greetings" ORDER BY RANDOM() LIMIT $1[0m  [["LIMIT", 1]]
  ↳ app/controllers/greetings_controller.rb:3:in `index'
  Rendering layout layouts/application.html.erb
  Rendering greetings/index.html.erb within layouts/application
  Rendered greetings/index.html.erb within layouts/application (Duration: 0.1ms | Allocations: 7)
  Rendered layout layouts/application.html.erb (Duration: 6.9ms | Allocations: 1995)
Completed 200 OK in 14ms (Views: 8.1ms | ActiveRecord: 0.9ms | Allocations: 3030)


Started GET "/greetings" for ::1 at 2023-07-11 12:36:55 +0200
Processing by GreetingsController#index as HTML
  [1m[36mGreeting Load (0.8ms)[0m  [1m[34mSELECT "greetings".* FROM "greetings" ORDER BY RANDOM() LIMIT $1[0m  [["LIMIT", 1]]
  ↳ app/controllers/greetings_controller.rb:3:in `index'
  Rendering layout layouts/application.html.erb
  Rendering greetings/index.html.erb within layouts/application
  Rendered greetings/index.html.erb within layouts/application (Duration: 0.1ms | Allocations: 7)
  Rendered layout layouts/application.html.erb (Duration: 6.8ms | Allocations: 1984)
Completed 200 OK in 13ms (Views: 8.0ms | ActiveRecord: 0.8ms | Allocations: 2875)


Started GET "/greetings" for ::1 at 2023-07-11 12:36:56 +0200
Processing by GreetingsController#index as HTML
  [1m[36mGreeting Load (0.8ms)[0m  [1m[34mSELECT "greetings".* FROM "greetings" ORDER BY RANDOM() LIMIT $1[0m  [["LIMIT", 1]]
  ↳ app/controllers/greetings_controller.rb:3:in `index'
  Rendering layout layouts/application.html.erb
  Rendering greetings/index.html.erb within layouts/application
  Rendered greetings/index.html.erb within layouts/application (Duration: 0.1ms | Allocations: 7)
  Rendered layout layouts/application.html.erb (Duration: 9.6ms | Allocations: 1999)
Completed 200 OK in 16ms (Views: 10.8ms | ActiveRecord: 0.8ms | Allocations: 2872)


Started GET "/greetings" for ::1 at 2023-07-11 12:36:57 +0200
Processing by GreetingsController#index as HTML
  [1m[36mGreeting Load (0.7ms)[0m  [1m[34mSELECT "greetings".* FROM "greetings" ORDER BY RANDOM() LIMIT $1[0m  [["LIMIT", 1]]
  ↳ app/controllers/greetings_controller.rb:3:in `index'
  Rendering layout layouts/application.html.erb
  Rendering greetings/index.html.erb within layouts/application
  Rendered greetings/index.html.erb within layouts/application (Duration: 0.1ms | Allocations: 7)
  Rendered layout layouts/application.html.erb (Duration: 62.8ms | Allocations: 1995)
Completed 200 OK in 69ms (Views: 64.1ms | ActiveRecord: 0.7ms | Allocations: 2868)


Started GET "/greetings" for ::1 at 2023-07-11 12:38:42 +0200
Processing by GreetingsController#index as HTML
  [1m[36mGreeting Load (1.4ms)[0m  [1m[34mSELECT "greetings".* FROM "greetings" ORDER BY RANDOM() LIMIT $1[0m  [["LIMIT", 1]]
  ↳ app/controllers/greetings_controller.rb:3:in `index'
  Rendering layout layouts/application.html.erb
  Rendering greetings/index.html.erb within layouts/application
  Rendered greetings/index.html.erb within layouts/application (Duration: 0.1ms | Allocations: 7)
  Rendered layout layouts/application.html.erb (Duration: 12.7ms | Allocations: 1989)
Completed 200 OK in 21ms (Views: 14.2ms | ActiveRecord: 1.4ms | Allocations: 2865)


Started GET "/greetings" for ::1 at 2023-07-11 12:38:44 +0200
Processing by GreetingsController#index as HTML
  [1m[36mGreeting Load (0.8ms)[0m  [1m[34mSELECT "greetings".* FROM "greetings" ORDER BY RANDOM() LIMIT $1[0m  [["LIMIT", 1]]
  ↳ app/controllers/greetings_controller.rb:3:in `index'
  Rendering layout layouts/application.html.erb
  Rendering greetings/index.html.erb within layouts/application
  Rendered greetings/index.html.erb within layouts/application (Duration: 0.1ms | Allocations: 7)
  Rendered layout layouts/application.html.erb (Duration: 8.7ms | Allocations: 1989)
Completed 200 OK in 15ms (Views: 10.2ms | ActiveRecord: 0.8ms | Allocations: 2863)


Started GET "/greetings" for ::1 at 2023-07-11 12:38:45 +0200
Processing by GreetingsController#index as HTML
  [1m[36mGreeting Load (0.8ms)[0m  [1m[34mSELECT "greetings".* FROM "greetings" ORDER BY RANDOM() LIMIT $1[0m  [["LIMIT", 1]]
  ↳ app/controllers/greetings_controller.rb:3:in `index'
  Rendering layout layouts/application.html.erb
  Rendering greetings/index.html.erb within layouts/application
  Rendered greetings/index.html.erb within layouts/application (Duration: 0.1ms | Allocations: 7)
  Rendered layout layouts/application.html.erb (Duration: 11.4ms | Allocations: 2003)
Completed 200 OK in 22ms (Views: 13.8ms | ActiveRecord: 0.8ms | Allocations: 2876)


Started GET "/greetings" for ::1 at 2023-07-11 12:38:46 +0200
Processing by GreetingsController#index as HTML
  [1m[36mGreeting Load (0.9ms)[0m  [1m[34mSELECT "greetings".* FROM "greetings" ORDER BY RANDOM() LIMIT $1[0m  [["LIMIT", 1]]
  ↳ app/controllers/greetings_controller.rb:3:in `index'
  Rendering layout layouts/application.html.erb
  Rendering greetings/index.html.erb within layouts/application
  Rendered greetings/index.html.erb within layouts/application (Duration: 0.1ms | Allocations: 7)
  Rendered layout layouts/application.html.erb (Duration: 7.7ms | Allocations: 1987)
Completed 200 OK in 14ms (Views: 9.0ms | ActiveRecord: 0.9ms | Allocations: 2878)


Started GET "/greetings" for ::1 at 2023-07-11 12:38:47 +0200
Processing by GreetingsController#index as HTML
  [1m[36mGreeting Load (0.7ms)[0m  [1m[34mSELECT "greetings".* FROM "greetings" ORDER BY RANDOM() LIMIT $1[0m  [["LIMIT", 1]]
  ↳ app/controllers/greetings_controller.rb:3:in `index'
  Rendering layout layouts/application.html.erb
  Rendering greetings/index.html.erb within layouts/application
  Rendered greetings/index.html.erb within layouts/application (Duration: 0.1ms | Allocations: 7)
  Rendered layout layouts/application.html.erb (Duration: 7.2ms | Allocations: 1995)
Completed 200 OK in 14ms (Views: 8.6ms | ActiveRecord: 0.7ms | Allocations: 2869)


Started GET "/greetings" for ::1 at 2023-07-11 12:38:48 +0200
Processing by GreetingsController#index as HTML
  [1m[36mGreeting Load (0.7ms)[0m  [1m[34mSELECT "greetings".* FROM "greetings" ORDER BY RANDOM() LIMIT $1[0m  [["LIMIT", 1]]
  ↳ app/controllers/greetings_controller.rb:3:in `index'
  Rendering layout layouts/application.html.erb
  Rendering greetings/index.html.erb within layouts/application
  Rendered greetings/index.html.erb within layouts/application (Duration: 0.1ms | Allocations: 7)
  Rendered layout layouts/application.html.erb (Duration: 12.0ms | Allocations: 1997)
Completed 200 OK in 19ms (Views: 13.5ms | ActiveRecord: 0.7ms | Allocations: 2870)


Started GET "/greetings" for ::1 at 2023-07-11 12:38:49 +0200
Processing by GreetingsController#index as HTML
  [1m[36mGreeting Load (1.1ms)[0m  [1m[34mSELECT "greetings".* FROM "greetings" ORDER BY RANDOM() LIMIT $1[0m  [["LIMIT", 1]]
  ↳ app/controllers/greetings_controller.rb:3:in `index'
  Rendering layout layouts/application.html.erb
  Rendering greetings/index.html.erb within layouts/application
  Rendered greetings/index.html.erb within layouts/application (Duration: 0.1ms | Allocations: 7)
  Rendered layout layouts/application.html.erb (Duration: 7.6ms | Allocations: 1985)
Completed 200 OK in 17ms (Views: 10.8ms | ActiveRecord: 1.1ms | Allocations: 2858)


Started GET "/greetings" for ::1 at 2023-07-11 12:42:55 +0200
  [1m[36mActiveRecord::SchemaMigration Pluck (1.5ms)[0m  [1m[34mSELECT "schema_migrations"."version" FROM "schema_migrations" ORDER BY "schema_migrations"."version" ASC[0m
Processing by GreetingsController#index as HTML
  [1m[36mGreeting Load (3.9ms)[0m  [1m[34mSELECT "greetings".* FROM "greetings" ORDER BY RANDOM() LIMIT $1[0m  [["LIMIT", 1]]
  ↳ app/controllers/greetings_controller.rb:3:in `index'
  Rendering layout layouts/application.html.erb
  Rendering greetings/index.html.erb within layouts/application
  Rendered greetings/index.html.erb within layouts/application (Duration: 4.8ms | Allocations: 445)
  Rendered layout layouts/application.html.erb (Duration: 193.6ms | Allocations: 20002)
Completed 200 OK in 374ms (Views: 210.9ms | ActiveRecord: 12.9ms | Allocations: 44311)


Started GET "/" for ::1 at 2023-07-11 12:58:37 +0200
  [1m[36mActiveRecord::SchemaMigration Pluck (1.0ms)[0m  [1m[34mSELECT "schema_migrations"."version" FROM "schema_migrations" ORDER BY "schema_migrations"."version" ASC[0m
Processing by RootController#index as HTML
  Rendering layout layouts/application.html.erb
  Rendering root/index.html.erb within layouts/application
  Rendered root/index.html.erb within layouts/application (Duration: 14.7ms | Allocations: 450)
  Rendered layout layouts/application.html.erb (Duration: 97.8ms | Allocations: 19841)
Completed 200 OK in 176ms (Views: 110.5ms | ActiveRecord: 0.0ms | Allocations: 26917)


Started GET "/greetings" for ::1 at 2023-07-11 12:58:49 +0200
Processing by GreetingsController#index as HTML
  [1m[36mGreeting Load (1.5ms)[0m  [1m[34mSELECT "greetings".* FROM "greetings" ORDER BY RANDOM() LIMIT $1[0m  [["LIMIT", 1]]
  ↳ app/controllers/greetings_controller.rb:3:in `index'
  Rendering layout layouts/application.html.erb
  Rendering greetings/index.html.erb within layouts/application
  Rendered greetings/index.html.erb within layouts/application (Duration: 1.5ms | Allocations: 131)
  Rendered layout layouts/application.html.erb (Duration: 9.6ms | Allocations: 2379)
Completed 200 OK in 52ms (Views: 12.9ms | ActiveRecord: 9.1ms | Allocations: 20606)


Started GET "/greetings" for ::1 at 2023-07-11 12:58:54 +0200
Processing by GreetingsController#index as HTML
  [1m[36mGreeting Load (0.8ms)[0m  [1m[34mSELECT "greetings".* FROM "greetings" ORDER BY RANDOM() LIMIT $1[0m  [["LIMIT", 1]]
  ↳ app/controllers/greetings_controller.rb:3:in `index'
  Rendering layout layouts/application.html.erb
  Rendering greetings/index.html.erb within layouts/application
  Rendered greetings/index.html.erb within layouts/application (Duration: 0.1ms | Allocations: 7)
  Rendered layout layouts/application.html.erb (Duration: 15.7ms | Allocations: 1972)
Completed 200 OK in 32ms (Views: 22.4ms | ActiveRecord: 0.8ms | Allocations: 2985)


Started GET "/greetings" for ::1 at 2023-07-11 13:24:46 +0200
  [1m[36mActiveRecord::SchemaMigration Pluck (0.8ms)[0m  [1m[34mSELECT "schema_migrations"."version" FROM "schema_migrations" ORDER BY "schema_migrations"."version" ASC[0m
Processing by GreetingsController#index as HTML
  [1m[36mGreeting Load (1.4ms)[0m  [1m[34mSELECT "greetings".* FROM "greetings" ORDER BY RANDOM() LIMIT $1[0m  [["LIMIT", 1]]
  ↳ app/controllers/greetings_controller.rb:3:in `index'
  Rendering layout layouts/application.html.erb
  Rendering greetings/index.html.erb within layouts/application
  Rendered greetings/index.html.erb within layouts/application (Duration: 1.7ms | Allocations: 445)
  Rendered layout layouts/application.html.erb (Duration: 99.5ms | Allocations: 20218)
Completed 200 OK in 210ms (Views: 105.8ms | ActiveRecord: 9.1ms | Allocations: 44533)


Started GET "/greetings/json" for ::1 at 2023-07-11 13:24:56 +0200
  
ActionController::RoutingError (No route matches [GET] "/greetings/json"):
  
Started GET "/greetings.json" for ::1 at 2023-07-11 13:25:09 +0200
Processing by GreetingsController#index as JSON
  [1m[36mGreeting Load (0.6ms)[0m  [1m[34mSELECT "greetings".* FROM "greetings" ORDER BY RANDOM() LIMIT $1[0m  [["LIMIT", 1]]
  ↳ app/controllers/greetings_controller.rb:3:in `index'
Completed 200 OK in 6ms (Views: 1.1ms | ActiveRecord: 0.6ms | Allocations: 1121)


Started GET "/greetings" for ::1 at 2023-07-11 13:34:27 +0200
Processing by GreetingsController#index as HTML
  [1m[36mGreeting Load (4.1ms)[0m  [1m[34mSELECT "greetings".* FROM "greetings" ORDER BY RANDOM() LIMIT $1[0m  [["LIMIT", 1]]
  ↳ app/controllers/greetings_controller.rb:3:in `index'
  Rendering layout layouts/application.html.erb
  Rendering greetings/index.html.erb within layouts/application
  Rendered greetings/index.html.erb within layouts/application (Duration: 0.1ms | Allocations: 7)
  Rendered layout layouts/application.html.erb (Duration: 249.3ms | Allocations: 2159)
Completed 200 OK in 645ms (Views: 250.9ms | ActiveRecord: 225.5ms | Allocations: 6106)


Started GET "/greetings" for ::1 at 2023-07-11 13:35:56 +0200
Processing by GreetingsController#index as HTML
  [1m[36mGreeting Load (0.8ms)[0m  [1m[34mSELECT "greetings".* FROM "greetings" ORDER BY RANDOM() LIMIT $1[0m  [["LIMIT", 1]]
  ↳ app/controllers/greetings_controller.rb:3:in `index'
  Rendering layout layouts/application.html.erb
  Rendering greetings/index.html.erb within layouts/application
  Rendered greetings/index.html.erb within layouts/application (Duration: 0.1ms | Allocations: 7)
  Rendered layout layouts/application.html.erb (Duration: 7.9ms | Allocations: 1986)
Completed 200 OK in 16ms (Views: 10.1ms | ActiveRecord: 0.8ms | Allocations: 2860)


Started GET "/greetings" for ::1 at 2023-07-11 13:36:03 +0200
Processing by GreetingsController#index as HTML
  [1m[36mGreeting Load (0.7ms)[0m  [1m[34mSELECT "greetings".* FROM "greetings" ORDER BY RANDOM() LIMIT $1[0m  [["LIMIT", 1]]
  ↳ app/controllers/greetings_controller.rb:3:in `index'
  Rendering layout layouts/application.html.erb
  Rendering greetings/index.html.erb within layouts/application
  Rendered greetings/index.html.erb within layouts/application (Duration: 0.1ms | Allocations: 7)
  Rendered layout layouts/application.html.erb (Duration: 7.5ms | Allocations: 2001)
Completed 200 OK in 15ms (Views: 9.4ms | ActiveRecord: 0.7ms | Allocations: 2874)


Started GET "/greetings" for ::1 at 2023-07-11 13:38:34 +0200
Processing by GreetingsController#index as HTML
  [1m[36mGreeting Load (0.7ms)[0m  [1m[34mSELECT "greetings".* FROM "greetings" ORDER BY RANDOM() LIMIT $1[0m  [["LIMIT", 1]]
  ↳ app/controllers/greetings_controller.rb:3:in `index'
  Rendering layout layouts/application.html.erb
  Rendering greetings/index.html.erb within layouts/application
  Rendered greetings/index.html.erb within layouts/application (Duration: 0.1ms | Allocations: 7)
  Rendered layout layouts/application.html.erb (Duration: 5.1ms | Allocations: 1983)
Completed 200 OK in 11ms (Views: 6.2ms | ActiveRecord: 0.7ms | Allocations: 2871)


Started GET "/greetings" for ::1 at 2023-07-11 13:39:22 +0200
Processing by GreetingsController#index as HTML
  [1m[36mGreeting Load (0.8ms)[0m  [1m[34mSELECT "greetings".* FROM "greetings" ORDER BY RANDOM() LIMIT $1[0m  [["LIMIT", 1]]
  ↳ app/controllers/greetings_controller.rb:3:in `index'
  Rendering layout layouts/application.html.erb
  Rendering greetings/index.html.erb within layouts/application
  Rendered greetings/index.html.erb within layouts/application (Duration: 0.1ms | Allocations: 7)
  Rendered layout layouts/application.html.erb (Duration: 6.8ms | Allocations: 1990)
Completed 200 OK in 14ms (Views: 8.2ms | ActiveRecord: 0.8ms | Allocations: 2881)


Started GET "/greetings.json" for ::1 at 2023-07-11 13:40:27 +0200
Processing by GreetingsController#index as JSON
  [1m[36mGreeting Load (0.7ms)[0m  [1m[34mSELECT "greetings".* FROM "greetings" ORDER BY RANDOM() LIMIT $1[0m  [["LIMIT", 1]]
  ↳ app/controllers/greetings_controller.rb:3:in `index'
Completed 200 OK in 5ms (Views: 0.8ms | ActiveRecord: 0.7ms | Allocations: 782)


Started GET "/greetings" for ::1 at 2023-07-11 13:41:00 +0200
Processing by GreetingsController#index as HTML
  [1m[36mGreeting Load (0.8ms)[0m  [1m[34mSELECT "greetings".* FROM "greetings" ORDER BY RANDOM() LIMIT $1[0m  [["LIMIT", 1]]
  ↳ app/controllers/greetings_controller.rb:3:in `index'
  Rendering layout layouts/application.html.erb
  Rendering greetings/index.html.erb within layouts/application
  Rendered greetings/index.html.erb within layouts/application (Duration: 0.1ms | Allocations: 7)
  Rendered layout layouts/application.html.erb (Duration: 7.5ms | Allocations: 2001)
Completed 200 OK in 14ms (Views: 8.7ms | ActiveRecord: 0.8ms | Allocations: 2875)


Started GET "/greetings" for ::1 at 2023-07-11 14:06:08 +0200
Processing by GreetingsController#index as HTML
  [1m[36mGreeting Load (0.8ms)[0m  [1m[34mSELECT "greetings".* FROM "greetings" ORDER BY RANDOM() LIMIT $1[0m  [["LIMIT", 1]]
  ↳ app/controllers/greetings_controller.rb:3:in `index'
  Rendering layout layouts/application.html.erb
  Rendering greetings/index.html.erb within layouts/application
  Rendered greetings/index.html.erb within layouts/application (Duration: 0.1ms | Allocations: 7)
  Rendered layout layouts/application.html.erb (Duration: 29.6ms | Allocations: 2001)
Completed 200 OK in 39ms (Views: 31.7ms | ActiveRecord: 0.8ms | Allocations: 2876)


Started GET "/greetings" for ::1 at 2023-07-11 14:09:11 +0200
  [1m[36mActiveRecord::SchemaMigration Pluck (0.8ms)[0m  [1m[34mSELECT "schema_migrations"."version" FROM "schema_migrations" ORDER BY "schema_migrations"."version" ASC[0m
Processing by GreetingsController#index as HTML
  [1m[36mGreeting Load (1.1ms)[0m  [1m[34mSELECT "greetings".* FROM "greetings" ORDER BY RANDOM() LIMIT $1[0m  [["LIMIT", 1]]
  ↳ app/controllers/greetings_controller.rb:3:in `index'
  Rendering layout layouts/application.html.erb
  Rendering greetings/index.html.erb within layouts/application
  Rendered greetings/index.html.erb within layouts/application (Duration: 1.7ms | Allocations: 445)
  Rendered layout layouts/application.html.erb (Duration: 150.5ms | Allocations: 19976)
Completed 200 OK in 265ms (Views: 154.8ms | ActiveRecord: 17.6ms | Allocations: 44285)


Started GET "/greetings" for ::1 at 2023-07-11 14:09:16 +0200
Processing by GreetingsController#index as HTML
  [1m[36mGreeting Load (0.8ms)[0m  [1m[34mSELECT "greetings".* FROM "greetings" ORDER BY RANDOM() LIMIT $1[0m  [["LIMIT", 1]]
  ↳ app/controllers/greetings_controller.rb:3:in `index'
  Rendering layout layouts/application.html.erb
  Rendering greetings/index.html.erb within layouts/application
  Rendered greetings/index.html.erb within layouts/application (Duration: 0.1ms | Allocations: 9)
  Rendered layout layouts/application.html.erb (Duration: 7.5ms | Allocations: 2170)
Completed 200 OK in 15ms (Views: 9.0ms | ActiveRecord: 0.8ms | Allocations: 3231)


Started GET "/greetings" for ::1 at 2023-07-11 14:10:06 +0200
Processing by GreetingsController#index as HTML
  [1m[36mGreeting Load (0.9ms)[0m  [1m[34mSELECT "greetings".* FROM "greetings" ORDER BY RANDOM() LIMIT $1[0m  [["LIMIT", 1]]
  ↳ app/controllers/greetings_controller.rb:3:in `index'
  Rendering layout layouts/application.html.erb
  Rendering greetings/index.html.erb within layouts/application
  Rendered greetings/index.html.erb within layouts/application (Duration: 0.1ms | Allocations: 7)
  Rendered layout layouts/application.html.erb (Duration: 7.7ms | Allocations: 1992)
Completed 200 OK in 14ms (Views: 8.9ms | ActiveRecord: 0.9ms | Allocations: 2883)


Started GET "/greetings" for ::1 at 2023-07-11 14:10:07 +0200
Processing by GreetingsController#index as HTML
  [1m[36mGreeting Load (0.6ms)[0m  [1m[34mSELECT "greetings".* FROM "greetings" ORDER BY RANDOM() LIMIT $1[0m  [["LIMIT", 1]]
  ↳ app/controllers/greetings_controller.rb:3:in `index'
  Rendering layout layouts/application.html.erb
  Rendering greetings/index.html.erb within layouts/application
  Rendered greetings/index.html.erb within layouts/application (Duration: 0.1ms | Allocations: 7)
  Rendered layout layouts/application.html.erb (Duration: 4.9ms | Allocations: 1993)
Completed 200 OK in 11ms (Views: 6.1ms | ActiveRecord: 0.6ms | Allocations: 2866)


Started GET "/" for ::1 at 2023-07-11 17:02:51 +0200
  [1m[36mActiveRecord::SchemaMigration Pluck (0.9ms)[0m  [1m[34mSELECT "schema_migrations"."version" FROM "schema_migrations" ORDER BY "schema_migrations"."version" ASC[0m
Processing by RootController#index as HTML
  Rendering layout layouts/application.html.erb
  Rendering root/index.html.erb within layouts/application
  Rendered root/index.html.erb within layouts/application (Duration: 2.4ms | Allocations: 555)
  Rendered layout layouts/application.html.erb (Duration: 490.8ms | Allocations: 71702)
Completed 200 OK in 586ms (Views: 500.6ms | ActiveRecord: 0.0ms | Allocations: 82436)


Started GET "/" for ::1 at 2023-07-11 17:03:56 +0200
Processing by RootController#index as HTML
  Rendering layout layouts/application.html.erb
  Rendering root/index.html.erb within layouts/application
  Rendered root/index.html.erb within layouts/application (Duration: 0.1ms | Allocations: 9)
  Rendered layout layouts/application.html.erb (Duration: 5.3ms | Allocations: 2980)
Completed 200 OK in 8ms (Views: 7.0ms | ActiveRecord: 0.0ms | Allocations: 4146)


Started GET "/" for ::1 at 2023-07-11 17:03:57 +0200
Processing by RootController#index as HTML
  Rendering layout layouts/application.html.erb
  Rendering root/index.html.erb within layouts/application
  Rendered root/index.html.erb within layouts/application (Duration: 0.1ms | Allocations: 7)
  Rendered layout layouts/application.html.erb (Duration: 7.5ms | Allocations: 2803)
Completed 200 OK in 9ms (Views: 9.1ms | ActiveRecord: 0.0ms | Allocations: 3905)


Started GET "/" for ::1 at 2023-07-11 17:03:57 +0200
Processing by RootController#index as HTML
  Rendering layout layouts/application.html.erb
  Rendering root/index.html.erb within layouts/application
  Rendered root/index.html.erb within layouts/application (Duration: 0.1ms | Allocations: 7)
  Rendered layout layouts/application.html.erb (Duration: 5.1ms | Allocations: 2791)
Completed 200 OK in 7ms (Views: 6.8ms | ActiveRecord: 0.0ms | Allocations: 3896)


Started GET "/" for ::1 at 2023-07-11 17:03:58 +0200
Processing by RootController#index as HTML
  Rendering layout layouts/application.html.erb
  Rendering root/index.html.erb within layouts/application
  Rendered root/index.html.erb within layouts/application (Duration: 0.1ms | Allocations: 7)
  Rendered layout layouts/application.html.erb (Duration: 5.4ms | Allocations: 2784)
Completed 200 OK in 8ms (Views: 7.5ms | ActiveRecord: 0.0ms | Allocations: 3885)


Started GET "/" for ::1 at 2023-07-11 17:03:58 +0200
Processing by RootController#index as HTML
  Rendering layout layouts/application.html.erb
  Rendering root/index.html.erb within layouts/application
  Rendered root/index.html.erb within layouts/application (Duration: 0.1ms | Allocations: 7)
  Rendered layout layouts/application.html.erb (Duration: 6.2ms | Allocations: 2790)
Completed 200 OK in 8ms (Views: 7.9ms | ActiveRecord: 0.0ms | Allocations: 3891)


Started GET "/" for ::1 at 2023-07-11 17:03:58 +0200
Processing by RootController#index as HTML
  Rendering layout layouts/application.html.erb
  Rendering root/index.html.erb within layouts/application
  Rendered root/index.html.erb within layouts/application (Duration: 0.1ms | Allocations: 7)
  Rendered layout layouts/application.html.erb (Duration: 55.0ms | Allocations: 2790)
Completed 200 OK in 67ms (Views: 66.4ms | ActiveRecord: 0.0ms | Allocations: 3891)


Started GET "/" for ::1 at 2023-07-11 17:03:58 +0200
Processing by RootController#index as HTML
  Rendering layout layouts/application.html.erb
  Rendering root/index.html.erb within layouts/application
  Rendered root/index.html.erb within layouts/application (Duration: 0.1ms | Allocations: 7)
  Rendered layout layouts/application.html.erb (Duration: 6.8ms | Allocations: 2796)
Completed 200 OK in 66ms (Views: 55.8ms | ActiveRecord: 0.0ms | Allocations: 3898)


Started GET "/" for ::1 at 2023-07-11 17:03:58 +0200
Processing by RootController#index as HTML
  Rendering layout layouts/application.html.erb
  Rendering root/index.html.erb within layouts/application
  Rendered root/index.html.erb within layouts/application (Duration: 0.1ms | Allocations: 7)
  Rendered layout layouts/application.html.erb (Duration: 6.3ms | Allocations: 2795)
Completed 200 OK in 9ms (Views: 8.7ms | ActiveRecord: 0.0ms | Allocations: 3897)


Started GET "/" for ::1 at 2023-07-11 17:03:59 +0200
Processing by RootController#index as HTML
  Rendering layout layouts/application.html.erb
  Rendering root/index.html.erb within layouts/application
  Rendered root/index.html.erb within layouts/application (Duration: 0.1ms | Allocations: 7)
  Rendered layout layouts/application.html.erb (Duration: 7.2ms | Allocations: 2778)
Completed 200 OK in 10ms (Views: 9.3ms | ActiveRecord: 0.0ms | Allocations: 3879)


Started GET "/" for ::1 at 2023-07-11 17:03:59 +0200
Processing by RootController#index as HTML
  Rendering layout layouts/application.html.erb
  Rendering root/index.html.erb within layouts/application
  Rendered root/index.html.erb within layouts/application (Duration: 0.1ms | Allocations: 7)
  Rendered layout layouts/application.html.erb (Duration: 5.5ms | Allocations: 2776)
Completed 200 OK in 7ms (Views: 6.8ms | ActiveRecord: 0.0ms | Allocations: 3877)


Started GET "/" for ::1 at 2023-07-11 17:15:02 +0200
  [1m[36mActiveRecord::SchemaMigration Pluck (46.6ms)[0m  [1m[34mSELECT "schema_migrations"."version" FROM "schema_migrations" ORDER BY "schema_migrations"."version" ASC[0m
Processing by RootController#index as HTML
  Rendering layout layouts/application.html.erb
  Rendering root/index.html.erb within layouts/application
  Rendered root/index.html.erb within layouts/application (Duration: 2.4ms | Allocations: 451)
  Rendered layout layouts/application.html.erb (Duration: 243.6ms | Allocations: 19846)
Completed 200 OK in 343ms (Views: 251.7ms | ActiveRecord: 0.0ms | Allocations: 26922)


Started GET "/greetings.json" for ::1 at 2023-07-11 17:15:39 +0200
Processing by GreetingsController#index as JSON
  [1m[36mGreeting Load (123.7ms)[0m  [1m[34mSELECT "greetings".* FROM "greetings" ORDER BY RANDOM() LIMIT $1[0m  [["LIMIT", 1]]
  ↳ app/controllers/greetings_controller.rb:3:in `index'
Completed 200 OK in 233ms (Views: 0.7ms | ActiveRecord: 183.8ms | Allocations: 17819)


Started GET "/greetings.json" for ::1 at 2023-07-11 17:25:02 +0200
  [1m[36mActiveRecord::SchemaMigration Pluck (1.0ms)[0m  [1m[34mSELECT "schema_migrations"."version" FROM "schema_migrations" ORDER BY "schema_migrations"."version" ASC[0m
Processing by GreetingsController#index as JSON
  [1m[36mGreeting Load (1.8ms)[0m  [1m[34mSELECT "greetings".* FROM "greetings" ORDER BY RANDOM() LIMIT $1[0m  [["LIMIT", 1]]
  ↳ app/controllers/greetings_controller.rb:3:in `index'
Completed 200 OK in 72ms (Views: 1.3ms | ActiveRecord: 9.3ms | Allocations: 20470)


Started GET "/greetings.json" for ::1 at 2023-07-11 17:25:07 +0200
Processing by GreetingsController#index as JSON
  [1m[36mGreeting Load (0.9ms)[0m  [1m[34mSELECT "greetings".* FROM "greetings" ORDER BY RANDOM() LIMIT $1[0m  [["LIMIT", 1]]
  ↳ app/controllers/greetings_controller.rb:3:in `index'
Completed 200 OK in 8ms (Views: 0.7ms | ActiveRecord: 0.9ms | Allocations: 985)


Started GET "/greetings" for ::1 at 2023-07-11 17:25:11 +0200
Processing by GreetingsController#index as HTML
  [1m[36mGreeting Load (0.8ms)[0m  [1m[34mSELECT "greetings".* FROM "greetings" ORDER BY RANDOM() LIMIT $1[0m  [["LIMIT", 1]]
  ↳ app/controllers/greetings_controller.rb:3:in `index'
  Rendering layout layouts/application.html.erb
  Rendering greetings/index.html.erb within layouts/application
  Rendered greetings/index.html.erb within layouts/application (Duration: 13.4ms | Allocations: 444)
  Rendered layout layouts/application.html.erb (Duration: 309.1ms | Allocations: 20261)
Completed 200 OK in 444ms (Views: 322.2ms | ActiveRecord: 0.8ms | Allocations: 25144)


Started GET "/" for ::1 at 2023-07-11 17:25:13 +0200
Processing by RootController#index as HTML
  Rendering layout layouts/application.html.erb
  Rendering root/index.html.erb within layouts/application
  Rendered root/index.html.erb within layouts/application (Duration: 0.9ms | Allocations: 131)
  Rendered layout layouts/application.html.erb (Duration: 9.3ms | Allocations: 2337)
Completed 200 OK in 14ms (Views: 12.1ms | ActiveRecord: 0.0ms | Allocations: 3321)


Started GET "/" for ::1 at 2023-07-11 17:27:37 +0200
Processing by RootController#index as HTML
  Rendering layout layouts/application.html.erb
  Rendering root/index.html.erb within layouts/application
  Rendered root/index.html.erb within layouts/application (Duration: 0.1ms | Allocations: 7)
  Rendered layout layouts/application.html.erb (Duration: 10.5ms | Allocations: 1951)
Completed 200 OK in 13ms (Views: 12.2ms | ActiveRecord: 0.0ms | Allocations: 2260)


Started GET "/greetings" for ::1 at 2023-07-11 17:27:45 +0200
Processing by GreetingsController#index as HTML
  [1m[36mGreeting Load (1.3ms)[0m  [1m[34mSELECT "greetings".* FROM "greetings" ORDER BY RANDOM() LIMIT $1[0m  [["LIMIT", 1]]
  ↳ app/controllers/greetings_controller.rb:3:in `index'
  Rendering layout layouts/application.html.erb
  Rendering greetings/index.html.erb within layouts/application
  Rendered greetings/index.html.erb within layouts/application (Duration: 0.1ms | Allocations: 7)
  Rendered layout layouts/application.html.erb (Duration: 10.7ms | Allocations: 1954)
Completed 200 OK in 37ms (Views: 23.6ms | ActiveRecord: 1.3ms | Allocations: 2949)


Started GET "/greetings.json" for ::1 at 2023-07-11 17:27:53 +0200
Processing by GreetingsController#index as JSON
  [1m[36mGreeting Load (1.3ms)[0m  [1m[34mSELECT "greetings".* FROM "greetings" ORDER BY RANDOM() LIMIT $1[0m  [["LIMIT", 1]]
  ↳ app/controllers/greetings_controller.rb:3:in `index'
Completed 200 OK in 58ms (Views: 1.2ms | ActiveRecord: 1.3ms | Allocations: 827)


Started GET "/greetings" for ::1 at 2023-07-11 17:28:03 +0200
Processing by GreetingsController#index as HTML
  [1m[36mGreeting Load (2.2ms)[0m  [1m[34mSELECT "greetings".* FROM "greetings" ORDER BY RANDOM() LIMIT $1[0m  [["LIMIT", 1]]
  ↳ app/controllers/greetings_controller.rb:3:in `index'
  Rendering layout layouts/application.html.erb
  Rendering greetings/index.html.erb within layouts/application
  Rendered greetings/index.html.erb within layouts/application (Duration: 0.1ms | Allocations: 7)
  Rendered layout layouts/application.html.erb (Duration: 10.0ms | Allocations: 1966)
Completed 200 OK in 149ms (Views: 117.4ms | ActiveRecord: 2.2ms | Allocations: 2841)


Started GET "/greetings" for ::1 at 2023-07-11 17:35:43 +0200
  
ActionController::RoutingError (No route matches [GET] "/greetings"):
  
Started GET "/api" for ::1 at 2023-07-11 17:36:05 +0200
  
ActionController::RoutingError (No route matches [GET] "/api"):
  
Started GET "/api/greetings" for ::1 at 2023-07-11 17:36:16 +0200
Processing by Api::GreetingsController#index as HTML
  [1m[36mGreeting Load (1.6ms)[0m  [1m[34mSELECT "greetings".* FROM "greetings"[0m
  ↳ app/controllers/api/greetings_controller.rb:3:in `index'
Completed 200 OK in 78ms (Views: 1.2ms | ActiveRecord: 19.7ms | Allocations: 5871)


Started GET "/" for ::1 at 2023-07-11 17:39:03 +0200
Processing by RootController#index as HTML
  Rendering layout layouts/application.html.erb
  Rendering root/index.html.erb within layouts/application
  Rendered root/index.html.erb within layouts/application (Duration: 0.2ms | Allocations: 12)
  Rendered layout layouts/application.html.erb (Duration: 19.1ms | Allocations: 2222)
Completed 200 OK in 32ms (Views: 25.4ms | ActiveRecord: 0.0ms | Allocations: 3057)


Started GET "/" for ::1 at 2023-07-11 17:39:06 +0200
Processing by RootController#index as HTML
  Rendering layout layouts/application.html.erb
  Rendering root/index.html.erb within layouts/application
  Rendered root/index.html.erb within layouts/application (Duration: 0.1ms | Allocations: 7)
  Rendered layout layouts/application.html.erb (Duration: 14.8ms | Allocations: 1950)
Completed 200 OK in 18ms (Views: 17.0ms | ActiveRecord: 0.0ms | Allocations: 2258)


Started GET "/" for ::1 at 2023-07-11 17:39:07 +0200
Processing by RootController#index as HTML
  Rendering layout layouts/application.html.erb
  Rendering root/index.html.erb within layouts/application
  Rendered root/index.html.erb within layouts/application (Duration: 0.1ms | Allocations: 7)
  Rendered layout layouts/application.html.erb (Duration: 8.9ms | Allocations: 1956)
Completed 200 OK in 11ms (Views: 10.6ms | ActiveRecord: 0.0ms | Allocations: 2248)


Started GET "/" for ::1 at 2023-07-11 17:41:06 +0200
Processing by RootController#index as HTML
  Rendering layout layouts/application.html.erb
  Rendering root/index.html.erb within layouts/application
  Rendered root/index.html.erb within layouts/application (Duration: 0.1ms | Allocations: 7)
  Rendered layout layouts/application.html.erb (Duration: 22.7ms | Allocations: 1940)
Completed 200 OK in 26ms (Views: 24.8ms | ActiveRecord: 0.0ms | Allocations: 2232)


Started GET "/" for ::1 at 2023-07-11 17:41:13 +0200
Processing by RootController#index as HTML
  Rendering layout layouts/application.html.erb
  Rendering root/index.html.erb within layouts/application
  Rendered root/index.html.erb within layouts/application (Duration: 0.1ms | Allocations: 7)
  Rendered layout layouts/application.html.erb (Duration: 10.4ms | Allocations: 1956)
Completed 200 OK in 14ms (Views: 13.2ms | ActiveRecord: 0.0ms | Allocations: 2248)


Started GET "/" for ::1 at 2023-07-11 17:43:33 +0200
Processing by RootController#index as HTML
  Rendering layout layouts/application.html.erb
  Rendering root/index.html.erb within layouts/application
  Rendered root/index.html.erb within layouts/application (Duration: 0.4ms | Allocations: 7)
  Rendered layout layouts/application.html.erb (Duration: 17.2ms | Allocations: 1954)
Completed 200 OK in 24ms (Views: 23.6ms | Allocations: 2243)


Started GET "/" for ::1 at 2023-07-11 17:43:36 +0200
Processing by RootController#index as HTML
  Rendering layout layouts/application.html.erb
  Rendering root/index.html.erb within layouts/application
  Rendered root/index.html.erb within layouts/application (Duration: 0.1ms | Allocations: 7)
  Rendered layout layouts/application.html.erb (Duration: 7.7ms | Allocations: 1960)
Completed 200 OK in 11ms (Views: 9.6ms | Allocations: 2249)


Started GET "/" for ::1 at 2023-07-11 17:52:02 +0200
Processing by RootController#index as HTML
  Rendering layout layouts/application.html.erb
  Rendering root/index.html.erb within layouts/application
  Rendered root/index.html.erb within layouts/application (Duration: 0.1ms | Allocations: 7)
  Rendered layout layouts/application.html.erb (Duration: 58.5ms | Allocations: 1946)
Completed 200 OK in 62ms (Views: 61.1ms | Allocations: 2235)


Started GET "/" for 127.0.0.1 at 2023-07-11 18:04:06 +0200
  [1m[36mActiveRecord::SchemaMigration Pluck (1.8ms)[0m  [1m[34mSELECT "schema_migrations"."version" FROM "schema_migrations" ORDER BY "schema_migrations"."version" ASC[0m
Processing by RootController#index as HTML
  Rendering layout layouts/application.html.erb
  Rendering root/index.html.erb within layouts/application
  Rendered root/index.html.erb within layouts/application (Duration: 3.4ms | Allocations: 450)
  Rendered layout layouts/application.html.erb (Duration: 907.2ms | Allocations: 27009)
Completed 200 OK in 1056ms (Views: 922.4ms | ActiveRecord: 0.0ms | Allocations: 34085)


Started GET "/api/greetings" for 127.0.0.1 at 2023-07-11 18:04:09 +0200
Processing by Api::GreetingsController#index as */*
  [1m[36mGreeting Load (1.4ms)[0m  [1m[34mSELECT "greetings".* FROM "greetings"[0m
  ↳ app/controllers/api/greetings_controller.rb:3:in `index'
Completed 200 OK in 265ms (Views: 1.5ms | ActiveRecord: 10.8ms | Allocations: 16962)


Started GET "/" for 127.0.0.1 at 2023-07-11 18:04:14 +0200
Processing by RootController#index as HTML
  Rendering layout layouts/application.html.erb
  Rendering root/index.html.erb within layouts/application
  Rendered root/index.html.erb within layouts/application (Duration: 0.1ms | Allocations: 9)
  Rendered layout layouts/application.html.erb (Duration: 12.1ms | Allocations: 2181)
Completed 200 OK in 15ms (Views: 13.5ms | ActiveRecord: 0.0ms | Allocations: 2511)


Started GET "/api/greetings" for 127.0.0.1 at 2023-07-11 18:04:14 +0200
Processing by Api::GreetingsController#index as */*
  [1m[36mGreeting Load (0.6ms)[0m  [1m[34mSELECT "greetings".* FROM "greetings"[0m
  ↳ app/controllers/api/greetings_controller.rb:3:in `index'
Completed 200 OK in 10ms (Views: 0.9ms | ActiveRecord: 0.6ms | Allocations: 952)


Started GET "/" for 127.0.0.1 at 2023-07-11 18:05:11 +0200
Processing by RootController#index as HTML
  Rendering layout layouts/application.html.erb
  Rendering root/index.html.erb within layouts/application
  Rendered root/index.html.erb within layouts/application (Duration: 0.3ms | Allocations: 7)
  Rendered layout layouts/application.html.erb (Duration: 872.8ms | Allocations: 4779)
Completed 200 OK in 875ms (Views: 874.2ms | ActiveRecord: 0.0ms | Allocations: 5071)


Started GET "/api/greetings" for 127.0.0.1 at 2023-07-11 18:05:12 +0200
Processing by Api::GreetingsController#index as */*
  [1m[36mGreeting Load (0.7ms)[0m  [1m[34mSELECT "greetings".* FROM "greetings"[0m
  ↳ app/controllers/api/greetings_controller.rb:3:in `index'
Completed 200 OK in 13ms (Views: 1.2ms | ActiveRecord: 0.7ms | Allocations: 695)


Started GET "/" for 127.0.0.1 at 2023-07-11 18:05:15 +0200
Processing by RootController#index as HTML
  Rendering layout layouts/application.html.erb
  Rendering root/index.html.erb within layouts/application
  Rendered root/index.html.erb within layouts/application (Duration: 0.2ms | Allocations: 7)
  Rendered layout layouts/application.html.erb (Duration: 18.0ms | Allocations: 1982)
Completed 200 OK in 36ms (Views: 27.4ms | ActiveRecord: 0.0ms | Allocations: 2275)


Started GET "/api/greetings" for 127.0.0.1 at 2023-07-11 18:05:16 +0200
Processing by Api::GreetingsController#index as */*
  [1m[36mGreeting Load (0.7ms)[0m  [1m[34mSELECT "greetings".* FROM "greetings"[0m
  ↳ app/controllers/api/greetings_controller.rb:3:in `index'
Completed 200 OK in 26ms (Views: 1.1ms | ActiveRecord: 0.7ms | Allocations: 708)


Started GET "/" for 127.0.0.1 at 2023-07-11 18:06:47 +0200
Processing by RootController#index as HTML
  Rendering layout layouts/application.html.erb
  Rendering root/index.html.erb within layouts/application
  Rendered root/index.html.erb within layouts/application (Duration: 0.1ms | Allocations: 7)
  Rendered layout layouts/application.html.erb (Duration: 764.7ms | Allocations: 5816)
Completed 200 OK in 767ms (Views: 766.4ms | ActiveRecord: 0.0ms | Allocations: 6108)


Started GET "/api/greetings" for 127.0.0.1 at 2023-07-11 18:06:49 +0200
Processing by Api::GreetingsController#index as */*
  [1m[36mGreeting Load (2.3ms)[0m  [1m[34mSELECT "greetings".* FROM "greetings"[0m
  ↳ app/controllers/api/greetings_controller.rb:3:in `index'
Completed 200 OK in 13ms (Views: 1.0ms | ActiveRecord: 2.3ms | Allocations: 694)


